2021-07-27 06:09:38,780 — DfHelper — DEBUG — file read as csv
2021-07-27 06:09:39,424 — DfHelper — DEBUG — file read as csv
2021-07-27 06:09:39,475 — DfHelper — DEBUG — file read as csv
2021-07-27 06:12:16,144 — DfOverview — DEBUG — Loaded successfully!
2021-07-27 06:12:16,150 — DfCleaner — DEBUG — Loaded successfully!
2021-07-27 06:12:16,157 — DfOutlier — DEBUG — Loaded successfully!
2021-07-27 06:12:21,537 — DfHelper — DEBUG — file read as csv
2021-07-27 06:12:22,185 — DfHelper — DEBUG — file read as csv
2021-07-27 06:12:22,331 — DfHelper — DEBUG — file read as csv
2021-07-27 06:22:08,721 — DfOverview — DEBUG — Loaded successfully!
2021-07-27 06:22:08,736 — DfCleaner — DEBUG — Loaded successfully!
2021-07-27 06:22:08,744 — DfOutlier — DEBUG — Loaded successfully!
2021-07-27 06:22:09,104 — DfHelper — DEBUG — file read as csv
2021-07-27 06:22:09,619 — DfHelper — DEBUG — file read as csv
2021-07-27 06:22:09,676 — DfHelper — DEBUG — file read as csv
2021-07-27 06:25:09,873 — DfOverview — DEBUG — Loaded successfully!
2021-07-27 06:25:09,876 — DfCleaner — DEBUG — Loaded successfully!
2021-07-27 06:25:09,881 — DfOutlier — DEBUG — Loaded successfully!
2021-07-27 06:25:10,263 — DfHelper — DEBUG — file read as csv
2021-07-27 06:25:10,792 — DfHelper — DEBUG — file read as csv
2021-07-27 06:25:10,824 — DfHelper — DEBUG — file read as csv
2021-07-27 06:31:25,826 — DfOverview — DEBUG — Loaded successfully!
2021-07-27 06:31:25,840 — DfCleaner — DEBUG — Loaded successfully!
2021-07-27 06:31:25,843 — DfOutlier — DEBUG — Loaded successfully!
2021-07-27 06:31:26,163 — DfHelper — DEBUG — file read as csv
2021-07-27 06:31:27,601 — DfHelper — DEBUG — file read as csv
2021-07-27 06:31:27,656 — DfHelper — DEBUG — file read as csv
2021-07-27 07:02:41,457 — DfHelper — DEBUG — file read as csv
2021-07-27 07:02:42,032 — DfHelper — DEBUG — file read as csv
2021-07-27 07:02:42,070 — DfHelper — DEBUG — file read as csv
2021-07-27 07:02:48,392 — DfOverview — DEBUG — Loaded successfully!
2021-07-27 07:02:48,395 — DfCleaner — DEBUG — Loaded successfully!
2021-07-27 07:02:48,400 — DfOutlier — DEBUG — Loaded successfully!
2021-07-27 07:02:48,662 — DfHelper — DEBUG — file read as csv
2021-07-27 07:02:49,207 — DfHelper — DEBUG — file read as csv
2021-07-27 07:02:49,251 — DfHelper — DEBUG — file read as csv
2021-07-27 07:13:12,813 — DfOverview — DEBUG — Loaded successfully!
2021-07-27 07:13:12,852 — DfCleaner — DEBUG — Loaded successfully!
2021-07-27 07:13:12,860 — DfOutlier — DEBUG — Loaded successfully!
2021-07-27 07:13:13,543 — DfHelper — DEBUG — file read as csv
2021-07-27 07:13:14,561 — DfHelper — DEBUG — file read as csv
2021-07-27 07:13:14,802 — DfHelper — DEBUG — file read as csv
2021-07-27 09:45:12,132 — DfHelper — DEBUG — file read as csv
2021-07-27 09:45:12,694 — DfHelper — DEBUG — file read as csv
2021-07-27 09:45:12,752 — DfHelper — DEBUG — file read as csv
2021-07-27 09:49:19,257 — DfOverview — DEBUG — Loaded successfully!
2021-07-27 09:49:19,268 — DfCleaner — DEBUG — Loaded successfully!
2021-07-27 09:49:19,273 — DfOutlier — DEBUG — Loaded successfully!
2021-07-27 09:49:25,987 — DfHelper — DEBUG — file read as csv
2021-07-27 09:49:26,558 — DfHelper — DEBUG — file read as csv
2021-07-27 09:49:26,602 — DfHelper — DEBUG — file read as csv
2021-07-27 09:52:23,460 — DfOverview — DEBUG — Loaded successfully!
2021-07-27 09:52:23,463 — DfCleaner — DEBUG — Loaded successfully!
2021-07-27 09:52:23,470 — DfOutlier — DEBUG — Loaded successfully!
2021-07-27 09:52:29,203 — DfHelper — DEBUG — file read as csv
2021-07-27 09:52:29,783 — DfHelper — DEBUG — file read as csv
2021-07-27 09:52:29,816 — DfHelper — DEBUG — file read as csv
2021-07-27 09:55:17,563 — DfOverview — DEBUG — Loaded successfully!
2021-07-27 09:55:17,566 — DfCleaner — DEBUG — Loaded successfully!
2021-07-27 09:55:17,573 — DfOutlier — DEBUG — Loaded successfully!
2021-07-27 09:55:22,616 — DfHelper — DEBUG — file read as csv
2021-07-27 09:55:23,320 — DfHelper — DEBUG — file read as csv
2021-07-27 09:55:23,401 — DfHelper — DEBUG — file read as csv
2021-07-27 09:59:04,454 — DfOverview — DEBUG — Loaded successfully!
2021-07-27 09:59:04,463 — DfCleaner — DEBUG — Loaded successfully!
2021-07-27 09:59:04,470 — DfOutlier — DEBUG — Loaded successfully!
2021-07-27 09:59:09,586 — DfHelper — DEBUG — file read as csv
2021-07-27 09:59:10,171 — DfHelper — DEBUG — file read as csv
2021-07-27 09:59:10,214 — DfHelper — DEBUG — file read as csv
2021-07-27 10:07:25,847 — DfOverview — DEBUG — Loaded successfully!
2021-07-27 10:07:25,851 — DfCleaner — DEBUG — Loaded successfully!
2021-07-27 10:07:25,858 — DfOutlier — DEBUG — Loaded successfully!
2021-07-27 10:07:30,619 — DfHelper — DEBUG — file read as csv
2021-07-27 10:07:31,229 — DfHelper — DEBUG — file read as csv
2021-07-27 10:07:31,319 — DfHelper — DEBUG — file read as csv
2021-07-27 10:17:45,724 — DfOverview — DEBUG — Loaded successfully!
2021-07-27 10:17:45,730 — DfCleaner — DEBUG — Loaded successfully!
2021-07-27 10:17:45,733 — DfOutlier — DEBUG — Loaded successfully!
2021-07-27 10:17:46,180 — DfHelper — DEBUG — file read as csv
2021-07-27 10:17:46,728 — DfHelper — DEBUG — file read as csv
2021-07-27 10:17:46,767 — DfHelper — DEBUG — file read as csv
2021-07-27 11:58:27,977 — DfOverview — DEBUG — Loaded successfully!
2021-07-27 11:58:27,981 — DfCleaner — DEBUG — Loaded successfully!
2021-07-27 11:58:27,989 — DfOutlier — DEBUG — Loaded successfully!
2021-07-27 11:58:36,107 — DfHelper — DEBUG — file read as csv
2021-07-27 11:58:36,906 — DfHelper — DEBUG — file read as csv
2021-07-27 11:58:36,975 — DfHelper — DEBUG — file read as csv
2021-07-27 12:15:20,184 — DfOverview — DEBUG — Loaded successfully!
2021-07-27 12:15:20,187 — DfCleaner — DEBUG — Loaded successfully!
2021-07-27 12:15:20,191 — DfOutlier — DEBUG — Loaded successfully!
2021-07-27 12:15:20,598 — DfHelper — DEBUG — file read as csv
2021-07-27 12:15:21,231 — DfHelper — DEBUG — file read as csv
2021-07-27 12:15:21,293 — DfHelper — DEBUG — file read as csv
2021-07-27 13:04:11,037 — DfOverview — DEBUG — Loaded successfully!
2021-07-27 13:04:11,041 — DfCleaner — DEBUG — Loaded successfully!
2021-07-27 13:04:11,047 — DfOutlier — DEBUG — Loaded successfully!
2021-07-27 13:04:11,403 — DfHelper — DEBUG — file read as csv
2021-07-27 13:04:11,926 — DfHelper — DEBUG — file read as csv
2021-07-27 13:04:11,965 — DfHelper — DEBUG — file read as csv
2021-07-27 14:29:12,881 — DfOverview — DEBUG — Loaded successfully!
2021-07-27 14:29:12,886 — DfCleaner — DEBUG — Loaded successfully!
2021-07-27 14:29:12,889 — DfOutlier — DEBUG — Loaded successfully!
2021-07-27 14:29:18,390 — DfHelper — DEBUG — file read as csv
2021-07-27 14:29:19,269 — DfHelper — DEBUG — file read as csv
2021-07-27 14:29:19,312 — DfHelper — DEBUG — file read as csv
2021-07-27 15:14:57,632 — DfOverview — DEBUG — Loaded successfully!
2021-07-27 15:14:57,637 — DfCleaner — DEBUG — Loaded successfully!
2021-07-27 15:14:57,648 — DfOutlier — DEBUG — Loaded successfully!
2021-07-27 15:14:58,033 — DfHelper — DEBUG — file read as csv
2021-07-27 15:14:58,598 — DfHelper — DEBUG — file read as csv
2021-07-27 15:14:58,638 — DfHelper — DEBUG — file read as csv
2021-07-27 15:17:26,277 — DfHelper — DEBUG — file read as csv
2021-07-27 15:17:26,968 — DfHelper — DEBUG — file read as csv
2021-07-27 15:17:27,096 — DfHelper — DEBUG — file read as csv
2021-07-27 15:19:42,553 — DfOverview — DEBUG — Loaded successfully!
2021-07-27 15:19:42,558 — DfCleaner — DEBUG — Loaded successfully!
2021-07-27 15:19:42,561 — DfOutlier — DEBUG — Loaded successfully!
2021-07-27 15:20:09,253 — DfOverview — DEBUG — Loaded successfully!
2021-07-27 15:20:09,257 — DfCleaner — DEBUG — Loaded successfully!
2021-07-27 15:20:09,261 — DfOutlier — DEBUG — Loaded successfully!
2021-07-27 15:22:11,616 — DfOverview — DEBUG — Loaded successfully!
2021-07-27 15:22:11,624 — DfCleaner — DEBUG — Loaded successfully!
2021-07-27 15:22:11,641 — DfOutlier — DEBUG — Loaded successfully!
2021-07-27 15:22:18,148 — DfHelper — DEBUG — file read as csv
2021-07-27 15:22:18,719 — DfHelper — DEBUG — file read as csv
2021-07-27 15:22:18,783 — DfHelper — DEBUG — file read as csv
2021-07-27 15:23:50,209 — DfOverview — DEBUG — Loaded successfully!
2021-07-27 15:23:50,215 — DfCleaner — DEBUG — Loaded successfully!
2021-07-27 15:23:50,266 — DfOutlier — DEBUG — Loaded successfully!
2021-07-27 15:23:50,602 — DfHelper — DEBUG — file read as csv
2021-07-27 15:23:51,172 — DfHelper — DEBUG — file read as csv
2021-07-27 15:23:51,206 — DfHelper — DEBUG — file read as csv
2021-07-27 15:24:09,829 — DfOverview — DEBUG — Loaded successfully!
2021-07-27 15:24:09,832 — DfCleaner — DEBUG — Loaded successfully!
2021-07-27 15:24:09,835 — DfOutlier — DEBUG — Loaded successfully!
2021-07-27 15:24:10,088 — DfHelper — DEBUG — file read as csv
2021-07-27 15:24:10,611 — DfHelper — DEBUG — file read as csv
2021-07-27 15:24:10,640 — DfHelper — DEBUG — file read as csv
2021-07-27 15:25:43,934 — DfOverview — DEBUG — Loaded successfully!
2021-07-27 15:25:43,939 — DfCleaner — DEBUG — Loaded successfully!
2021-07-27 15:25:43,944 — DfOutlier — DEBUG — Loaded successfully!
2021-07-27 15:25:44,287 — DfHelper — DEBUG — file read as csv
2021-07-27 15:25:44,887 — DfHelper — DEBUG — file read as csv
2021-07-27 15:25:44,923 — DfHelper — DEBUG — file read as csv
2021-07-27 15:34:36,751 — DfOverview — DEBUG — Loaded successfully!
2021-07-27 15:34:36,754 — DfCleaner — DEBUG — Loaded successfully!
2021-07-27 15:34:36,757 — DfOutlier — DEBUG — Loaded successfully!
2021-07-27 15:34:37,122 — DfHelper — DEBUG — file read as csv
2021-07-27 15:34:37,632 — DfHelper — DEBUG — file read as csv
2021-07-27 15:34:37,662 — DfHelper — DEBUG — file read as csv
2021-07-27 16:51:18,176 — DfOverview — DEBUG — Loaded successfully!
2021-07-27 16:51:18,186 — DfCleaner — DEBUG — Loaded successfully!
2021-07-27 16:51:18,201 — DfOutlier — DEBUG — Loaded successfully!
2021-07-27 16:51:18,535 — DfHelper — DEBUG — file read as csv
2021-07-27 16:51:19,095 — DfHelper — DEBUG — file read as csv
2021-07-27 16:51:19,135 — DfHelper — DEBUG — file read as csv
2021-07-27 16:52:54,712 — DfOverview — DEBUG — Loaded successfully!
2021-07-27 16:52:54,716 — DfCleaner — DEBUG — Loaded successfully!
2021-07-27 16:52:54,724 — DfOutlier — DEBUG — Loaded successfully!
2021-07-27 16:52:55,069 — DfHelper — DEBUG — file read as csv
2021-07-27 16:52:55,613 — DfHelper — DEBUG — file read as csv
2021-07-27 16:52:55,661 — DfHelper — DEBUG — file read as csv
2021-07-27 16:56:17,576 — DfOverview — DEBUG — Loaded successfully!
2021-07-27 16:56:17,593 — DfCleaner — DEBUG — Loaded successfully!
2021-07-27 16:56:17,601 — DfOutlier — DEBUG — Loaded successfully!
2021-07-27 16:56:17,990 — DfHelper — DEBUG — file read as csv
2021-07-27 16:56:18,538 — DfHelper — DEBUG — file read as csv
2021-07-27 16:56:18,580 — DfHelper — DEBUG — file read as csv
2021-07-27 17:01:23,203 — DfOverview — DEBUG — Loaded successfully!
2021-07-27 17:01:23,206 — DfCleaner — DEBUG — Loaded successfully!
2021-07-27 17:01:23,213 — DfOutlier — DEBUG — Loaded successfully!
2021-07-27 17:01:23,562 — DfHelper — DEBUG — file read as csv
2021-07-27 17:01:24,073 — DfHelper — DEBUG — file read as csv
2021-07-27 17:01:24,114 — DfHelper — DEBUG — file read as csv
2021-07-27 17:02:55,417 — DfOverview — DEBUG — Loaded successfully!
2021-07-27 17:02:55,419 — DfCleaner — DEBUG — Loaded successfully!
2021-07-27 17:02:55,425 — DfOutlier — DEBUG — Loaded successfully!
2021-07-27 17:02:55,789 — DfHelper — DEBUG — file read as csv
2021-07-27 17:02:56,322 — DfHelper — DEBUG — file read as csv
2021-07-27 17:02:56,364 — DfHelper — DEBUG — file read as csv
2021-07-27 18:08:43,980 — DfHelper — INFO — file saved as csv
2021-07-27 18:08:55,388 — DfHelper — INFO — file saved as csv
2021-07-27 18:08:55,851 — DfHelper — INFO — file saved as csv
2021-07-27 18:15:48,182 — DfOverview — DEBUG — Loaded successfully!
2021-07-27 18:15:48,197 — DfCleaner — DEBUG — Loaded successfully!
2021-07-27 18:15:48,204 — DfOutlier — DEBUG — Loaded successfully!
2021-07-27 18:16:26,681 — DfHelper — DEBUG — file read as csv
2021-07-27 18:16:27,345 — DfHelper — DEBUG — file read as csv
2021-07-27 18:16:27,382 — DfHelper — DEBUG — file read as csv
2021-07-27 18:39:24,096 — DfOverview — DEBUG — Loaded successfully!
2021-07-27 18:39:24,102 — DfCleaner — DEBUG — Loaded successfully!
2021-07-27 18:39:24,115 — DfOutlier — DEBUG — Loaded successfully!
2021-07-27 18:39:24,411 — DfHelper — DEBUG — file read as csv
2021-07-27 18:39:24,989 — DfHelper — DEBUG — file read as csv
2021-07-27 18:39:25,026 — DfHelper — DEBUG — file read as csv
2021-07-27 18:44:27,741 — DfOverview — DEBUG — Loaded successfully!
2021-07-27 18:44:27,750 — DfCleaner — DEBUG — Loaded successfully!
2021-07-27 18:44:27,770 — DfOutlier — DEBUG — Loaded successfully!
2021-07-27 18:44:28,128 — DfHelper — DEBUG — file read as csv
2021-07-27 18:44:28,742 — DfHelper — DEBUG — file read as csv
2021-07-27 18:44:28,782 — DfHelper — DEBUG — file read as csv
2021-07-27 18:44:38,800 — DfHelper — INFO — file saved as csv
2021-07-27 18:44:50,228 — DfHelper — INFO — file saved as csv
2021-07-27 18:44:50,654 — DfHelper — INFO — file saved as csv
2021-07-27 18:45:18,863 — DfOverview — DEBUG — Loaded successfully!
2021-07-27 18:45:18,866 — DfCleaner — DEBUG — Loaded successfully!
2021-07-27 18:45:18,870 — DfOutlier — DEBUG — Loaded successfully!
2021-07-27 18:45:19,109 — DfHelper — DEBUG — file read as csv
2021-07-27 18:45:19,865 — DfHelper — DEBUG — file read as csv
2021-07-27 18:45:19,905 — DfHelper — DEBUG — file read as csv
2021-07-27 18:47:27,742 — DfHelper — INFO — file saved as csv
2021-07-27 18:47:39,716 — DfHelper — INFO — file saved as csv
2021-07-27 18:47:40,180 — DfHelper — INFO — file saved as csv
2021-07-27 18:48:21,252 — DfOverview — DEBUG — Loaded successfully!
2021-07-27 18:48:21,274 — DfCleaner — DEBUG — Loaded successfully!
2021-07-27 18:48:21,281 — DfOutlier — DEBUG — Loaded successfully!
2021-07-27 18:48:30,145 — DfHelper — DEBUG — file read as csv
2021-07-27 18:48:30,790 — DfHelper — DEBUG — file read as csv
2021-07-27 18:48:30,826 — DfHelper — DEBUG — file read as csv
2021-07-27 18:50:00,064 — DfOverview — DEBUG — Loaded successfully!
2021-07-27 18:50:00,110 — DfCleaner — DEBUG — Loaded successfully!
2021-07-27 18:50:00,134 — DfOutlier — DEBUG — Loaded successfully!
2021-07-27 18:50:00,411 — DfHelper — DEBUG — file read as csv
2021-07-27 18:50:00,949 — DfHelper — DEBUG — file read as csv
2021-07-27 18:50:00,988 — DfHelper — DEBUG — file read as csv
2021-07-27 18:50:08,976 — DfHelper — DEBUG — file read as csv
2021-07-27 18:50:09,508 — DfHelper — DEBUG — file read as csv
2021-07-27 18:50:09,560 — DfHelper — DEBUG — file read as csv
2021-07-27 19:06:51,068 — DfOverview — DEBUG — Loaded successfully!
2021-07-27 19:06:51,084 — DfCleaner — DEBUG — Loaded successfully!
2021-07-27 19:06:51,094 — DfOutlier — DEBUG — Loaded successfully!
2021-07-27 19:06:51,473 — DfHelper — DEBUG — file read as csv
2021-07-27 19:06:51,972 — DfHelper — DEBUG — file read as csv
2021-07-27 19:06:52,005 — DfHelper — DEBUG — file read as csv
2021-07-27 19:07:01,221 — DfHelper — INFO — file saved as csv
2021-07-27 19:07:13,136 — DfHelper — INFO — file saved as csv
2021-07-27 19:07:13,579 — DfHelper — INFO — file saved as csv
2021-07-27 19:07:36,007 — DfHelper — DEBUG — file read as csv
2021-07-27 19:07:36,609 — DfHelper — DEBUG — file read as csv
2021-07-27 19:07:36,689 — DfHelper — DEBUG — file read as csv
2021-07-27 19:34:12,599 — DfOverview — DEBUG — Loaded successfully!
2021-07-27 19:34:12,604 — DfCleaner — DEBUG — Loaded successfully!
2021-07-27 19:34:12,608 — DfOutlier — DEBUG — Loaded successfully!
2021-07-27 19:34:21,575 — DfHelper — DEBUG — file read as csv
2021-07-27 19:34:22,310 — DfHelper — DEBUG — file read as csv
2021-07-27 19:34:22,383 — DfHelper — DEBUG — file read as csv
2021-07-27 19:38:30,649 — DfOverview — DEBUG — Loaded successfully!
2021-07-27 19:38:30,654 — DfCleaner — DEBUG — Loaded successfully!
2021-07-27 19:38:30,660 — DfOutlier — DEBUG — Loaded successfully!
2021-07-27 19:38:30,916 — DfHelper — DEBUG — file read as csv
2021-07-27 19:38:31,401 — DfHelper — DEBUG — file read as csv
2021-07-27 19:38:31,438 — DfHelper — DEBUG — file read as csv
2021-07-27 20:35:48,863 — DfHelper — DEBUG — file read as csv
2021-07-27 20:35:49,398 — DfHelper — DEBUG — file read as csv
2021-07-27 20:35:49,472 — DfHelper — DEBUG — file read as csv
2021-07-27 20:35:58,949 — DfHelper — DEBUG — file read as csv
2021-07-27 20:35:59,427 — DfHelper — DEBUG — file read as csv
2021-07-27 20:35:59,463 — DfHelper — DEBUG — file read as csv
2021-07-27 20:36:39,965 — DfOverview — DEBUG — Loaded successfully!
2021-07-27 20:36:39,968 — DfCleaner — DEBUG — Loaded successfully!
2021-07-27 20:36:39,972 — DfOutlier — DEBUG — Loaded successfully!
2021-07-27 20:36:40,320 — DfHelper — DEBUG — file read as csv
2021-07-27 20:36:40,800 — DfHelper — DEBUG — file read as csv
2021-07-27 20:36:40,830 — DfHelper — DEBUG — file read as csv
2021-07-27 20:37:20,501 — DfOverview — DEBUG — Loaded successfully!
2021-07-27 20:37:20,510 — DfCleaner — DEBUG — Loaded successfully!
2021-07-27 20:37:20,518 — DfOutlier — DEBUG — Loaded successfully!
2021-07-27 20:37:20,918 — DfHelper — DEBUG — file read as csv
2021-07-27 20:37:21,432 — DfHelper — DEBUG — file read as csv
2021-07-27 20:37:21,466 — DfHelper — DEBUG — file read as csv
2021-07-27 20:37:30,735 — DfHelper — INFO — file saved as csv
2021-07-27 20:37:41,566 — DfHelper — INFO — file saved as csv
2021-07-27 20:37:42,019 — DfHelper — INFO — file saved as csv
2021-07-27 20:38:18,770 — DfHelper — DEBUG — file read as csv
2021-07-27 20:38:19,804 — DfHelper — DEBUG — file read as csv
2021-07-27 20:38:19,903 — DfHelper — DEBUG — file read as csv
2021-07-27 20:50:20,646 — DfOverview — DEBUG — Loaded successfully!
2021-07-27 20:50:20,649 — DfCleaner — DEBUG — Loaded successfully!
2021-07-27 20:50:20,652 — DfOutlier — DEBUG — Loaded successfully!
2021-07-27 20:50:20,917 — DfHelper — DEBUG — file read as csv
2021-07-27 20:50:21,827 — DfHelper — DEBUG — file read as csv
2021-07-27 20:50:21,940 — DfHelper — DEBUG — file read as csv
2021-07-27 21:48:39,304 — DfOverview — DEBUG — Loaded successfully!
2021-07-27 21:48:39,322 — DfCleaner — DEBUG — Loaded successfully!
2021-07-27 21:48:39,329 — DfOutlier — DEBUG — Loaded successfully!
2021-07-27 21:48:50,188 — DfHelper — DEBUG — file read as csv
2021-07-27 21:48:50,982 — DfHelper — DEBUG — file read as csv
2021-07-27 21:48:51,054 — DfHelper — DEBUG — file read as csv
2021-07-27 21:57:39,614 — DfOverview — DEBUG — Loaded successfully!
2021-07-27 21:57:39,624 — DfCleaner — DEBUG — Loaded successfully!
2021-07-27 21:57:39,634 — DfOutlier — DEBUG — Loaded successfully!
2021-07-27 21:57:39,880 — DfHelper — DEBUG — file read as csv
2021-07-27 21:57:40,524 — DfHelper — DEBUG — file read as csv
2021-07-27 21:57:40,597 — DfHelper — DEBUG — file read as csv
2021-07-27 23:53:31,271 — DfOverview — DEBUG — Loaded successfully!
2021-07-27 23:53:31,274 — DfCleaner — DEBUG — Loaded successfully!
2021-07-27 23:53:31,277 — DfOutlier — DEBUG — Loaded successfully!
2021-07-27 23:53:31,532 — DfHelper — DEBUG — file read as csv
2021-07-27 23:53:32,025 — DfHelper — DEBUG — file read as csv
2021-07-27 23:53:32,053 — DfHelper — DEBUG — file read as csv
